<?xml version="1.0" encoding="UTF-8"?>
<!-- Generated by org.testng.reporters.JUnitXMLReporter -->
<testsuite ignored="0" hostname="mk-PC" failures="0" tests="3" name="Surefire test" time="108.413" errors="0" timestamp="24 cze 2019 15:53:56 GMT">
  <testcase classname="Tests" name="test001_logowanie" time="30.249"/>
  <testcase classname="Tests" name="test002_fillExpertsApplication" time="26.707"/>
  <testcase classname="Tests" name="test003_fillPolishLanguagePromotion" time="51.18"/>
</testsuite> <!-- Surefire test -->
