<?xml version="1.0" encoding="UTF-8"?>
<testng-results ignored="0" total="3" passed="3" failed="0" skipped="0">
  <reporter-output>
  </reporter-output>
  <suite started-at="2019-06-18T17:35:18Z" name="Surefire suite" finished-at="2019-06-18T17:36:45Z" duration-ms="87349">
    <groups>
    </groups>
    <test started-at="2019-06-18T17:35:18Z" name="Surefire test" finished-at="2019-06-18T17:36:45Z" duration-ms="87349">
      <class name="Tests">
        <test-method is-config="true" signature="setUp()[pri:0, instance:Tests@530a8454]" started-at="2019-06-18T17:35:18Z" name="setUp" finished-at="2019-06-18T17:35:18Z" duration-ms="47" status="PASS">
          <reporter-output>
          </reporter-output>
        </test-method> <!-- setUp -->
        <test-method is-config="true" signature="beforeTest()[pri:0, instance:Tests@530a8454]" started-at="2019-06-18T17:35:18Z" name="beforeTest" finished-at="2019-06-18T17:35:18Z" duration-ms="16" status="PASS">
          <reporter-output>
          </reporter-output>
        </test-method> <!-- beforeTest -->
        <test-method signature="test001_logowanie()[pri:1, instance:Tests@530a8454]" started-at="2019-06-18T17:35:18Z" name="test001_logowanie" description="Logowanie" finished-at="2019-06-18T17:35:33Z" duration-ms="14947" status="PASS">
          <reporter-output>
          </reporter-output>
        </test-method> <!-- test001_logowanie -->
        <test-method is-config="true" signature="beforeTest()[pri:0, instance:Tests@530a8454]" started-at="2019-06-18T17:35:33Z" name="beforeTest" finished-at="2019-06-18T17:35:33Z" duration-ms="0" status="PASS">
          <reporter-output>
          </reporter-output>
        </test-method> <!-- beforeTest -->
        <test-method signature="test002_fillExpertsApplication()[pri:1, instance:Tests@530a8454]" started-at="2019-06-18T17:35:33Z" name="test002_fillExpertsApplication" finished-at="2019-06-18T17:35:55Z" duration-ms="21573" status="PASS">
          <reporter-output>
          </reporter-output>
        </test-method> <!-- test002_fillExpertsApplication -->
        <test-method is-config="true" signature="beforeTest()[pri:0, instance:Tests@530a8454]" started-at="2019-06-18T17:35:55Z" name="beforeTest" finished-at="2019-06-18T17:35:55Z" duration-ms="1" status="PASS">
          <reporter-output>
          </reporter-output>
        </test-method> <!-- beforeTest -->
        <test-method signature="test003_fillPolishLanguagePromotion()[pri:1, instance:Tests@530a8454]" started-at="2019-06-18T17:35:55Z" name="test003_fillPolishLanguagePromotion" finished-at="2019-06-18T17:36:45Z" duration-ms="50576" status="PASS">
          <reporter-output>
          </reporter-output>
        </test-method> <!-- test003_fillPolishLanguagePromotion -->
      </class> <!-- Tests -->
    </test> <!-- Surefire test -->
  </suite> <!-- Surefire suite -->
</testng-results>
