<?xml version="1.0" encoding="UTF-8"?>
<testsuite xmlns:xsi="http://www.w3.org/2001/XMLSchema-instance" xsi:noNamespaceSchemaLocation="https://maven.apache.org/surefire/maven-surefire-plugin/xsd/surefire-test-report.xsd" name="Tests" time="49.981" tests="3" errors="0" skipped="0" failures="1">
  <properties>
[...]
</properties>
  <testcase name="test001_logowanie" classname="Tests" time="18.784"/>
  <testcase name="test002_fillExpertsApplication" classname="Tests" time="17.445"/>
  <testcase name="test003_fillPolishLanguagePromotion" classname="Tests" time="11.263">
    <failure message="Element not found {By.xpath: //button[@id=&apos;j_idt122:applicationTable:0:j_idt162&apos;]}&#10;Expected: visible or transparent" type="com.codeborne.selenide.ex.ElementNotFound">com.codeborne.selenide.ex.ElementNotFound: 
Element not found {By.xpath: //button[@id='j_idt122:applicationTable:0:j_idt162']}
Expected: visible or transparent
	at Tests.test003_fillPolishLanguagePromotion(Tests.java:110)
Caused by: org.openqa.selenium.NoSuchElementException: 
no such element: Unable to locate element: {"method":"xpath","selector":"//button[@id='j_idt122:applicationTable:0:j_idt162']"}
  (Session info: chrome=75.0.3770.100)
For documentation on this error, please visit: https://www.seleniumhq.org/exceptions/no_such_element.html
Build info: version: '3.141.59', revision: 'e82be7d358', time: '2018-11-14T08:17:03'
System info: host: 'MK-PC', ip: '192.168.43.190', os.name: 'Windows 7', os.arch: 'amd64', os.version: '6.1', java.version: '12'
Driver info: org.openqa.selenium.chrome.ChromeDriver
Capabilities {acceptInsecureCerts: false, browserName: chrome, browserVersion: 75.0.3770.100, chrome: {chromedriverVersion: 75.0.3770.90 (a6dcaf7e3ec6f..., userDataDir: C:\Users\mk\AppData\Local\T...}, goog:chromeOptions: {debuggerAddress: localhost:50921}, javascriptEnabled: true, networkConnectionEnabled: false, pageLoadStrategy: normal, platform: XP, platformName: XP, proxy: Proxy(), setWindowRect: true, strictFileInteractability: false, timeouts: {implicit: 0, pageLoad: 300000, script: 30000}, unhandledPromptBehavior: dismiss and notify}
Session ID: 97dcf05995c800d4b7546a25045d513c
*** Element info: {Using=xpath, value=//button[@id='j_idt122:applicationTable:0:j_idt162']}
	at Tests.test003_fillPolishLanguagePromotion(Tests.java:110)
</failure>
    <system-out><![CDATA[[INFO ] 2019-06-24 19:34:01.646 [main] Tests - 1. Przejście do programow
]]></system-out>
  </testcase>
</testsuite>