<?xml version="1.0" encoding="UTF-8"?>
<testng-results ignored="0" total="3" passed="3" failed="0" skipped="0">
  <reporter-output>
  </reporter-output>
  <suite started-at="2019-06-20T19:01:31Z" name="Surefire suite" finished-at="2019-06-20T19:03:04Z" duration-ms="92670">
    <groups>
    </groups>
    <test started-at="2019-06-20T19:01:31Z" name="Surefire test" finished-at="2019-06-20T19:03:04Z" duration-ms="92670">
      <class name="Tests">
        <test-method is-config="true" signature="beforeTest()[pri:0, instance:Tests@37468787]" started-at="2019-06-20T19:01:31Z" name="beforeTest" finished-at="2019-06-20T19:01:31Z" duration-ms="100" status="PASS">
          <reporter-output>
          </reporter-output>
        </test-method> <!-- beforeTest -->
        <test-method is-config="true" signature="setUp()[pri:0, instance:Tests@37468787]" started-at="2019-06-20T19:01:31Z" name="setUp" finished-at="2019-06-20T19:01:31Z" duration-ms="19" status="PASS">
          <reporter-output>
          </reporter-output>
        </test-method> <!-- setUp -->
        <test-method signature="test001_logowanie()[pri:1, instance:Tests@37468787]" started-at="2019-06-20T19:01:31Z" name="test001_logowanie" description="Logowanie" finished-at="2019-06-20T19:01:47Z" duration-ms="15930" status="PASS">
          <reporter-output>
          </reporter-output>
        </test-method> <!-- test001_logowanie -->
        <test-method signature="test002_fillExpertsApplication()[pri:1, instance:Tests@37468787]" started-at="2019-06-20T19:01:47Z" name="test002_fillExpertsApplication" finished-at="2019-06-20T19:02:10Z" duration-ms="22741" status="PASS">
          <reporter-output>
          </reporter-output>
        </test-method> <!-- test002_fillExpertsApplication -->
        <test-method signature="test003_fillPolishLanguagePromotion()[pri:1, instance:Tests@37468787]" started-at="2019-06-20T19:02:10Z" name="test003_fillPolishLanguagePromotion" finished-at="2019-06-20T19:03:04Z" duration-ms="53691" status="PASS">
          <reporter-output>
          </reporter-output>
        </test-method> <!-- test003_fillPolishLanguagePromotion -->
        <test-method is-config="true" signature="afterClass()[pri:0, instance:Tests@37468787]" started-at="2019-06-20T19:03:04Z" name="afterClass" finished-at="2019-06-20T19:03:04Z" duration-ms="1" status="PASS">
          <reporter-output>
          </reporter-output>
        </test-method> <!-- afterClass -->
        <test-method is-config="true" signature="afterTest()[pri:0, instance:Tests@37468787]" started-at="2019-06-20T19:03:04Z" name="afterTest" finished-at="2019-06-20T19:03:04Z" duration-ms="1" status="PASS">
          <reporter-output>
          </reporter-output>
        </test-method> <!-- afterTest -->
      </class> <!-- Tests -->
    </test> <!-- Surefire test -->
  </suite> <!-- Surefire suite -->
</testng-results>
